<?xml version="1.0" encoding="utf-8"?><testsuites><testsuite name="pytest" errors="0" failures="1" skipped="1" tests="3" time="0.299" timestamp="2025-12-31T20:49:39.741520" hostname="MSI"><testcase classname="mypkg.test.test_copyright" name="test_copyright" time="0.000"><skipped type="pytest.skip" message="No copyright header has been placed in the generated source file.">/home/yuto/ros2_ws/src/mypkg/test/test_copyright.py:20: No copyright header has been placed in the generated source file.</skipped></testcase><testcase classname="mypkg.test.test_flake8" name="test_flake8" time="0.145"><failure message="AssertionError: Found 11 code style errors / warnings:&#10;  ./mypkg/commander.py:8:1: E302 expected 2 blank lines, found 1&#10;  ./mypkg/commander.py:13:1: W293 blank line contains whitespace&#10;  ./mypkg/commander.py:22:42: W291 trailing whitespace&#10;  ./mypkg/commander.py:29:1: E302 expected 2 blank lines, found 1&#10;  ./mypkg/commander.py:36:1: E305 expected 2 blank lines after class or function definition, found 1&#10;  ./mypkg/robot_sim.py:8:1: E302 expected 2 blank lines, found 1&#10;  ./mypkg/robot_sim.py:21:1: W293 blank line contains whitespace&#10;  ./mypkg/robot_sim.py:33:1: E302 expected 2 blank lines, found 1&#10;  ./mypkg/robot_sim.py:40:1: E305 expected 2 blank lines after class or function definition, found 1&#10;  ./build/mypkg/build/lib/mypkg/listener.py:7:12: E211 whitespace before '('&#10;  ./build/mypkg/build/lib/mypkg/listener.py:16:5: F841 local variable 'pub' is assigned to but never used&#10;assert 1 == 0">test/test_flake8.py:23: in test_flake8
    assert rc == 0, \
E   AssertionError: Found 11 code style errors / warnings:
E     ./mypkg/commander.py:8:1: E302 expected 2 blank lines, found 1
E     ./mypkg/commander.py:13:1: W293 blank line contains whitespace
E     ./mypkg/commander.py:22:42: W291 trailing whitespace
E     ./mypkg/commander.py:29:1: E302 expected 2 blank lines, found 1
E     ./mypkg/commander.py:36:1: E305 expected 2 blank lines after class or function definition, found 1
E     ./mypkg/robot_sim.py:8:1: E302 expected 2 blank lines, found 1
E     ./mypkg/robot_sim.py:21:1: W293 blank line contains whitespace
E     ./mypkg/robot_sim.py:33:1: E302 expected 2 blank lines, found 1
E     ./mypkg/robot_sim.py:40:1: E305 expected 2 blank lines after class or function definition, found 1
E     ./build/mypkg/build/lib/mypkg/listener.py:7:12: E211 whitespace before '('
E     ./build/mypkg/build/lib/mypkg/listener.py:16:5: F841 local variable 'pub' is assigned to but never used
E   assert 1 == 0</failure></testcase><testcase classname="mypkg.test.test_pep257" name="test_pep257" time="0.025" /></testsuite></testsuites>