[1m============================= test session starts ==============================[0m
platform linux -- Python 3.10.12, pytest-6.2.5, py-1.10.0, pluggy-0.13.0
cachedir: build/mypkg/.pytest_cache
rootdir: /home/yuto/ros2_ws/src/mypkg
plugins: ament-flake8-0.12.14, launch-testing-ros-0.19.12, ament-lint-0.12.14, ament-pep257-0.12.14, launch-testing-1.0.11, ament-xmllint-0.12.14, ament-copyright-0.12.14, colcon-core-0.20.1, cov-3.0.0
[1mcollecting ... [0m[1m
collected 3 items                                                              [0m

test/test_copyright.py [33ms[0m[32m                                                 [ 33%][0m
test/test_flake8.py [31mF[0m[31m                                                    [ 66%][0m
test/test_pep257.py [32m.[0m[31m                                                    [100%][0m

=================================== FAILURES ===================================
[31m[1m_________________________________ test_flake8 __________________________________[0m
[1m[31mtest/test_flake8.py[0m:23: in test_flake8
    [94massert[39;49;00m rc == [94m0[39;49;00m, \
[1m[31mE   AssertionError: Found 11 code style errors / warnings:[0m
[1m[31mE     ./mypkg/commander.py:8:1: E302 expected 2 blank lines, found 1[0m
[1m[31mE     ./mypkg/commander.py:13:1: W293 blank line contains whitespace[0m
[1m[31mE     ./mypkg/commander.py:22:42: W291 trailing whitespace[0m
[1m[31mE     ./mypkg/commander.py:29:1: E302 expected 2 blank lines, found 1[0m
[1m[31mE     ./mypkg/commander.py:36:1: E305 expected 2 blank lines after class or function definition, found 1[0m
[1m[31mE     ./mypkg/robot_sim.py:8:1: E302 expected 2 blank lines, found 1[0m
[1m[31mE     ./mypkg/robot_sim.py:21:1: W293 blank line contains whitespace[0m
[1m[31mE     ./mypkg/robot_sim.py:33:1: E302 expected 2 blank lines, found 1[0m
[1m[31mE     ./mypkg/robot_sim.py:40:1: E305 expected 2 blank lines after class or function definition, found 1[0m
[1m[31mE     ./build/mypkg/build/lib/mypkg/listener.py:7:12: E211 whitespace before '('[0m
[1m[31mE     ./build/mypkg/build/lib/mypkg/listener.py:16:5: F841 local variable 'pub' is assigned to but never used[0m
[1m[31mE   assert 1 == 0[0m
----------------------------- Captured stdout call -----------------------------

./mypkg/commander.py:8:1: E302 expected 2 blank lines, found 1
class MinimalPublisher(Node):
^

./mypkg/commander.py:13:1: W293 blank line contains whitespace
        
^

./mypkg/commander.py:22:42: W291 trailing whitespace
            command = input("Command > ") 
                                         ^

./mypkg/commander.py:29:1: E302 expected 2 blank lines, found 1
def main(args=None):
^

./mypkg/commander.py:36:1: E305 expected 2 blank lines after class or function definition, found 1
if __name__ == '__main__':
^

./mypkg/robot_sim.py:8:1: E302 expected 2 blank lines, found 1
class MinimalSubscriber(Node):
^

./mypkg/robot_sim.py:21:1: W293 blank line contains whitespace
        
^

./mypkg/robot_sim.py:33:1: E302 expected 2 blank lines, found 1
def main(args=None):
^

./mypkg/robot_sim.py:40:1: E305 expected 2 blank lines after class or function definition, found 1
if __name__ == '__main__':
^

./build/mypkg/build/lib/mypkg/listener.py:7:12: E211 whitespace before '('
node = Node ("listener")
           ^

./build/mypkg/build/lib/mypkg/listener.py:16:5: F841 local variable 'pub' is assigned to but never used
    pub = node.create_subscription(Int16, "countup", cb, 10)
    ^

1     E211 whitespace before '('
4     E302 expected 2 blank lines, found 1
2     E305 expected 2 blank lines after class or function definition, found 1
1     F841 local variable 'pub' is assigned to but never used
1     W291 trailing whitespace
2     W293 blank line contains whitespace

12 files checked
11 errors

'E'-type errors: 7
'F'-type errors: 1
'W'-type errors: 3

Checked files:

* ./setup.py
* ./launch/teleop.launch.py
* ./test/test_pep257.py
* ./test/test_flake8.py
* ./test/test_copyright.py
* ./mypkg/commander.py
* ./mypkg/__init__.py
* ./mypkg/robot_sim.py
* ./build/mypkg/build/lib/mypkg/listener.py
* ./build/mypkg/build/lib/mypkg/__init__.py
* ./build/mypkg/build/lib/mypkg/talker.py
* ./build/mypkg/prefix_override/sitecustomize.py
----------------------------- Captured stderr call -----------------------------
option --max-complexity: please update from optparse string `type=` to argparse callable `type=` -- this will be an error in the future
--- generated xml file: /home/yuto/ros2_ws/src/mypkg/build/mypkg/pytest.xml ----
=========================== short test summary info ============================
FAILED test/test_flake8.py::test_flake8 - AssertionError: Found 11 code style...
[31m============== [31m[1m1 failed[0m, [32m1 passed[0m, [33m1 skipped[0m, [33m2 warnings[0m[31m in 0.35s[0m[31m ==============[0m
