[0.227s] Invoking command in '/home/yuto/ros2_ws/src/mypkg': CONDA_PROMPT_MODIFIER=(base) PYTEST_ADDOPTS=--tb=short --junit-xml=/home/yuto/ros2_ws/src/mypkg/build/mypkg/pytest.xml --junit-prefix=mypkg -o cache_dir=/home/yuto/ros2_ws/src/mypkg/build/mypkg/.pytest_cache PYTHONDONTWRITEBYTECODE=1 /usr/bin/python3 -m pytest
[0.531s] [1m============================= test session starts ==============================[0m
[0.531s] platform linux -- Python 3.10.12, pytest-6.2.5, py-1.10.0, pluggy-0.13.0
[0.534s] cachedir: build/mypkg/.pytest_cache
[0.534s] rootdir: /home/yuto/ros2_ws/src/mypkg
[0.534s] plugins: ament-flake8-0.12.14, launch-testing-ros-0.19.12, ament-lint-0.12.14, ament-pep257-0.12.14, launch-testing-1.0.11, ament-xmllint-0.12.14, ament-copyright-0.12.14, colcon-core-0.20.1, cov-3.0.0
[0.629s] [1mcollecting ... [0m[1m
[0.629s] collected 3 items                                                              [0m
[0.629s] 
[0.634s] test/test_copyright.py [33ms[0m[32m                                                 [ 33%][0m
[0.801s] test/test_flake8.py [31mF[0m[31m                                                    [ 66%][0m
[0.829s] test/test_pep257.py [32m.[0m[31m                                                    [100%][0m
[0.829s] 
[0.829s] =================================== FAILURES ===================================
[0.830s] [31m[1m_________________________________ test_flake8 __________________________________[0m
[0.830s] [1m[31mtest/test_flake8.py[0m:23: in test_flake8
[0.876s]     [94massert[39;49;00m rc == [94m0[39;49;00m, \
[0.877s] [1m[31mE   AssertionError: Found 11 code style errors / warnings:[0m
[0.877s] [1m[31mE     ./mypkg/commander.py:8:1: E302 expected 2 blank lines, found 1[0m
[0.877s] [1m[31mE     ./mypkg/commander.py:13:1: W293 blank line contains whitespace[0m
[0.877s] [1m[31mE     ./mypkg/commander.py:22:42: W291 trailing whitespace[0m
[0.877s] [1m[31mE     ./mypkg/commander.py:29:1: E302 expected 2 blank lines, found 1[0m
[0.878s] [33m=============================== warnings summary ===============================[0m
[0.878s] test/test_flake8.py::test_flake8
[0.878s] test/test_flake8.py::test_flake8
[0.878s]   Warning: SelectableGroups dict interface is deprecated. Use select.
[0.878s] 
[0.878s] -- Docs: https://docs.pytest.org/en/stable/warnings.html
[0.878s] [1m[31mE     ./mypkg/commander.py:36:1: E305 expected 2 blank lines after class or function definition, found 1[0m
[0.878s] [1m[31mE     ./mypkg/robot_sim.py:8:1: E302 expected 2 blank lines, found 1[0m
[0.878s] [1m[31mE     ./mypkg/robot_sim.py:21:1: W293 blank line contains whitespace[0m
[0.878s] [1m[31mE     ./mypkg/robot_sim.py:33:1: E302 expected 2 blank lines, found 1[0m
[0.878s] [1m[31mE     ./mypkg/robot_sim.py:40:1: E305 expected 2 blank lines after class or function definition, found 1[0m
[0.878s] [1m[31mE     ./build/mypkg/build/lib/mypkg/listener.py:7:12: E211 whitespace before '('[0m
[0.878s] [1m[31mE     ./build/mypkg/build/lib/mypkg/listener.py:16:5: F841 local variable 'pub' is assigned to but never used[0m
[0.878s] [1m[31mE   assert 1 == 0[0m
[0.878s] ----------------------------- Captured stdout call -----------------------------
[0.878s] 
[0.878s] ./mypkg/commander.py:8:1: E302 expected 2 blank lines, found 1
[0.878s] class MinimalPublisher(Node):
[0.878s] ^
[0.878s] 
[0.878s] ./mypkg/commander.py:13:1: W293 blank line contains whitespace
[0.879s]         
[0.879s] ^
[0.879s] 
[0.879s] ./mypkg/commander.py:22:42: W291 trailing whitespace
[0.879s]             command = input("Command > ") 
[0.879s]                                          ^
[0.879s] 
[0.879s] ./mypkg/commander.py:29:1: E302 expected 2 blank lines, found 1
[0.879s] def main(args=None):
[0.879s] ^
[0.879s] 
[0.879s] ./mypkg/commander.py:36:1: E305 expected 2 blank lines after class or function definition, found 1
[0.879s] if __name__ == '__main__':
[0.879s] ^
[0.879s] 
[0.879s] ./mypkg/robot_sim.py:8:1: E302 expected 2 blank lines, found 1
[0.879s] class MinimalSubscriber(Node):
[0.879s] ^
[0.879s] 
[0.879s] ./mypkg/robot_sim.py:21:1: W293 blank line contains whitespace
[0.879s]         
[0.879s] ^
[0.879s] 
[0.879s] ./mypkg/robot_sim.py:33:1: E302 expected 2 blank lines, found 1
[0.879s] def main(args=None):
[0.879s] ^
[0.880s] 
[0.880s] ./mypkg/robot_sim.py:40:1: E305 expected 2 blank lines after class or function definition, found 1
[0.880s] if __name__ == '__main__':
[0.880s] ^
[0.880s] 
[0.880s] ./build/mypkg/build/lib/mypkg/listener.py:7:12: E211 whitespace before '('
[0.880s] node = Node ("listener")
[0.880s]            ^
[0.880s] 
[0.880s] ./build/mypkg/build/lib/mypkg/listener.py:16:5: F841 local variable 'pub' is assigned to but never used
[0.880s]     pub = node.create_subscription(Int16, "countup", cb, 10)
[0.880s]     ^
[0.880s] 
[0.880s] 1     E211 whitespace before '('
[0.880s] 4     E302 expected 2 blank lines, found 1
[0.880s] 2     E305 expected 2 blank lines after class or function definition, found 1
[0.880s] 1     F841 local variable 'pub' is assigned to but never used
[0.880s] 1     W291 trailing whitespace
[0.880s] 2     W293 blank line contains whitespace
[0.880s] 
[0.880s] 12 files checked
[0.880s] 11 errors
[0.880s] 
[0.880s] 'E'-type errors: 7
[0.880s] 'F'-type errors: 1
[0.881s] 'W'-type errors: 3
[0.881s] 
[0.881s] Checked files:
[0.881s] 
[0.881s] * ./setup.py
[0.881s] * ./launch/teleop.launch.py
[0.881s] * ./test/test_pep257.py
[0.881s] * ./test/test_flake8.py
[0.881s] * ./test/test_copyright.py
[0.881s] * ./mypkg/commander.py
[0.881s] * ./mypkg/__init__.py
[0.881s] * ./mypkg/robot_sim.py
[0.881s] * ./build/mypkg/build/lib/mypkg/listener.py
[0.881s] * ./build/mypkg/build/lib/mypkg/__init__.py
[0.881s] * ./build/mypkg/build/lib/mypkg/talker.py
[0.881s] * ./build/mypkg/prefix_override/sitecustomize.py
[0.881s] ----------------------------- Captured stderr call -----------------------------
[0.881s] option --max-complexity: please update from optparse string `type=` to argparse callable `type=` -- this will be an error in the future
[0.881s] --- generated xml file: /home/yuto/ros2_ws/src/mypkg/build/mypkg/pytest.xml ----
[0.881s] =========================== short test summary info ============================
[0.881s] FAILED test/test_flake8.py::test_flake8 - AssertionError: Found 11 code style...
[0.881s] [31m============== [31m[1m1 failed[0m, [32m1 passed[0m, [33m1 skipped[0m, [33m2 warnings[0m[31m in 0.35s[0m[31m ==============[0m
[0.930s] Invoked command in '/home/yuto/ros2_ws/src/mypkg' returned '1': CONDA_PROMPT_MODIFIER=(base) PYTEST_ADDOPTS=--tb=short --junit-xml=/home/yuto/ros2_ws/src/mypkg/build/mypkg/pytest.xml --junit-prefix=mypkg -o cache_dir=/home/yuto/ros2_ws/src/mypkg/build/mypkg/.pytest_cache PYTHONDONTWRITEBYTECODE=1 /usr/bin/python3 -m pytest
